app.py:53: RuntimeWarning: No channels have been set up yet - nothing to clean up!  Try cleaning up at the end of your program instead!
  GPIO.cleanup()
 * Running on http://0.0.0.0:5000/ (Press CTRL+C to quit)
 * Restarting with stat
app.py:53: RuntimeWarning: No channels have been set up yet - nothing to clean up!  Try cleaning up at the end of your program instead!
  GPIO.cleanup()
 * Debugger is active!
 * Debugger pin code: 205-362-933
app.py:53: RuntimeWarning: No channels have been set up yet - nothing to clean up!  Try cleaning up at the end of your program instead!
  GPIO.cleanup()
Traceback (most recent call last):
  File "app.py", line 55, in <module>
    app.run(host= '0.0.0.0', debug=True)
  File "/home/abd/.local/lib/python2.7/site-packages/flask/app.py", line 772, in run
    run_simple(host, port, self, **options)
  File "/home/abd/.local/lib/python2.7/site-packages/werkzeug/serving.py", line 675, in run_simple
    s.bind((hostname, port))
  File "/usr/lib/python2.7/socket.py", line 228, in meth
    return getattr(self._sock,name)(*args)
socket.error: [Errno 98] Address already in use
app.py:53: RuntimeWarning: No channels have been set up yet - nothing to clean up!  Try cleaning up at the end of your program instead!
  GPIO.cleanup()
Traceback (most recent call last):
  File "app.py", line 55, in <module>
    app.run(host= '0.0.0.0', debug=True)
  File "/home/abd/.local/lib/python2.7/site-packages/flask/app.py", line 772, in run
    run_simple(host, port, self, **options)
  File "/home/abd/.local/lib/python2.7/site-packages/werkzeug/serving.py", line 675, in run_simple
    s.bind((hostname, port))
  File "/usr/lib/python2.7/socket.py", line 228, in meth
    return getattr(self._sock,name)(*args)
socket.error: [Errno 98] Address already in use
app.py:15: RuntimeWarning: This channel is already in use, continuing anyway.  Use GPIO.setwarnings(False) to disable warnings.
  GPIO.setup(pin, GPIO.OUT)
192.168.1.5 - - [04/Jan/2016 23:08:33] "GET /on HTTP/1.1" 200 -
192.168.1.5 - - [04/Jan/2016 23:08:33] "GET / HTTP/1.1" 200 -
192.168.1.5 - - [04/Jan/2016 23:08:33] "GET / HTTP/1.1" 200 -
IT'S ON!
IT'S Root!
IT'S Root!
